{"/Users/andres/dev/mtt-scaffolding/apps/web/src/app.tsx": {"path":"/Users/andres/dev/mtt-scaffolding/apps/web/src/app.tsx","statementMap":{"0":{"start":{"line":4,"column":2},"end":{"line":32,"column":null}}},"fnMap":{"0":{"name":"App","decl":{"start":{"line":3,"column":9},"end":{"line":3,"column":15}},"loc":{"start":{"line":3,"column":15},"end":{"line":34,"column":null}}}},"branchMap":{},"s":{"0":1},"f":{"0":1},"b":{}}
,"/Users/andres/dev/mtt-scaffolding/apps/web/src/main.tsx": {"path":"/Users/andres/dev/mtt-scaffolding/apps/web/src/main.tsx","statementMap":{"0":{"start":{"line":25,"column":18},"end":{"line":33,"column":null}},"1":{"start":{"line":27,"column":4},"end":{"line":31,"column":null}},"2":{"start":{"line":35,"column":19},"end":{"line":39,"column":null}},"3":{"start":{"line":36,"column":24},"end":{"line":36,"column":null}},"4":{"start":{"line":41,"column":18},"end":{"line":46,"column":null}},"5":{"start":{"line":48,"column":15},"end":{"line":57,"column":null}},"6":{"start":{"line":65,"column":20},"end":{"line":65,"column":null}},"7":{"start":{"line":66,"column":0},"end":{"line":75,"column":null}},"8":{"start":{"line":67,"column":15},"end":{"line":67,"column":null}},"9":{"start":{"line":68,"column":2},"end":{"line":74,"column":null}},"10":{"start":{"line":80,"column":0},"end":{"line":80,"column":null}}},"fnMap":{"0":{"name":"(anonymous_0)","decl":{"start":{"line":26,"column":13},"end":{"line":26,"column":null}},"loc":{"start":{"line":27,"column":4},"end":{"line":31,"column":null}}},"1":{"name":"(anonymous_1)","decl":{"start":{"line":36,"column":18},"end":{"line":36,"column":24}},"loc":{"start":{"line":36,"column":24},"end":{"line":36,"column":null}}}},"branchMap":{"0":{"loc":{"start":{"line":66,"column":0},"end":{"line":75,"column":null}},"type":"if","locations":[{"start":{"line":66,"column":0},"end":{"line":75,"column":null}},{"start":{},"end":{}}]},"1":{"loc":{"start":{"line":66,"column":4},"end":{"line":66,"column":43}},"type":"binary-expr","locations":[{"start":{"line":66,"column":4},"end":{"line":66,"column":19}},{"start":{"line":66,"column":19},"end":{"line":66,"column":43}}]}},"s":{"0":0,"1":0,"2":0,"3":0,"4":0,"5":0,"6":0,"7":0,"8":0,"9":0,"10":0},"f":{"0":0,"1":0},"b":{"0":[0,0],"1":[0,0]}}
,"/Users/andres/dev/mtt-scaffolding/apps/web/src/reportWebVitals.ts": {"path":"/Users/andres/dev/mtt-scaffolding/apps/web/src/reportWebVitals.ts","statementMap":{"0":{"start":{"line":1,"column":24},"end":{"line":11,"column":null}},"1":{"start":{"line":2,"column":2},"end":{"line":10,"column":null}},"2":{"start":{"line":3,"column":4},"end":{"line":9,"column":null}},"3":{"start":{"line":4,"column":6},"end":{"line":4,"column":null}},"4":{"start":{"line":5,"column":6},"end":{"line":5,"column":null}},"5":{"start":{"line":6,"column":6},"end":{"line":6,"column":null}},"6":{"start":{"line":7,"column":6},"end":{"line":7,"column":null}},"7":{"start":{"line":8,"column":6},"end":{"line":8,"column":null}}},"fnMap":{"0":{"name":"(anonymous_0)","decl":{"start":{"line":1,"column":24},"end":{"line":1,"column":25}},"loc":{"start":{"line":1,"column":54},"end":{"line":11,"column":null}}},"1":{"name":"(anonymous_1)","decl":{"start":{"line":3,"column":30},"end":{"line":3,"column":31}},"loc":{"start":{"line":3,"column":74},"end":{"line":9,"column":5}}}},"branchMap":{"0":{"loc":{"start":{"line":2,"column":2},"end":{"line":10,"column":null}},"type":"if","locations":[{"start":{"line":2,"column":2},"end":{"line":10,"column":null}},{"start":{},"end":{}}]},"1":{"loc":{"start":{"line":2,"column":6},"end":{"line":2,"column":54}},"type":"binary-expr","locations":[{"start":{"line":2,"column":6},"end":{"line":2,"column":21}},{"start":{"line":2,"column":21},"end":{"line":2,"column":54}}]}},"s":{"0":0,"1":0,"2":0,"3":0,"4":0,"5":0,"6":0,"7":0},"f":{"0":0,"1":0},"b":{"0":[0,0],"1":[0,0]}}
,"/Users/andres/dev/mtt-scaffolding/apps/web/src/integrations/tanstack-query/layout.tsx": {"path":"/Users/andres/dev/mtt-scaffolding/apps/web/src/integrations/tanstack-query/layout.tsx","statementMap":{"0":{"start":{"line":4,"column":2},"end":{"line":4,"column":null}}},"fnMap":{"0":{"name":"LayoutAddition","decl":{"start":{"line":3,"column":24},"end":{"line":3,"column":41}},"loc":{"start":{"line":3,"column":41},"end":{"line":5,"column":null}}}},"branchMap":{},"s":{"0":0},"f":{"0":0},"b":{}}
,"/Users/andres/dev/mtt-scaffolding/apps/web/src/integrations/tanstack-query/root-provider.tsx": {"path":"/Users/andres/dev/mtt-scaffolding/apps/web/src/integrations/tanstack-query/root-provider.tsx","statementMap":{"0":{"start":{"line":3,"column":20},"end":{"line":3,"column":null}},"1":{"start":{"line":6,"column":2},"end":{"line":8,"column":null}},"2":{"start":{"line":12,"column":2},"end":{"line":13,"column":null}}},"fnMap":{"0":{"name":"getContext","decl":{"start":{"line":5,"column":16},"end":{"line":5,"column":29}},"loc":{"start":{"line":5,"column":29},"end":{"line":9,"column":null}}},"1":{"name":"Provider","decl":{"start":{"line":11,"column":16},"end":{"line":11,"column":25}},"loc":{"start":{"line":11,"column":70},"end":{"line":15,"column":null}}}},"branchMap":{},"s":{"0":0,"1":0,"2":0},"f":{"0":0,"1":0},"b":{}}
,"/Users/andres/dev/mtt-scaffolding/apps/web/src/modules/form/address.route.tsx": {"path":"/Users/andres/dev/mtt-scaffolding/apps/web/src/modules/form/address.route.tsx","statementMap":{"0":{"start":{"line":8,"column":15},"end":{"line":39,"column":null}},"1":{"start":{"line":23,"column":23},"end":{"line":25,"column":null}},"2":{"start":{"line":28,"column":8},"end":{"line":30,"column":null}},"3":{"start":{"line":29,"column":10},"end":{"line":29,"column":null}},"4":{"start":{"line":31,"column":8},"end":{"line":31,"column":null}},"5":{"start":{"line":35,"column":6},"end":{"line":35,"column":null}},"6":{"start":{"line":37,"column":6},"end":{"line":37,"column":null}},"7":{"start":{"line":41,"column":2},"end":{"line":196,"column":null}},"8":{"start":{"line":52,"column":12},"end":{"line":52,"column":null}},"9":{"start":{"line":53,"column":12},"end":{"line":53,"column":null}},"10":{"start":{"line":54,"column":12},"end":{"line":54,"column":null}},"11":{"start":{"line":59,"column":24},"end":{"line":59,"column":null}},"12":{"start":{"line":66,"column":16},"end":{"line":68,"column":null}},"13":{"start":{"line":67,"column":18},"end":{"line":67,"column":null}},"14":{"start":{"line":69,"column":16},"end":{"line":71,"column":null}},"15":{"start":{"line":70,"column":18},"end":{"line":70,"column":null}},"16":{"start":{"line":72,"column":16},"end":{"line":72,"column":null}},"17":{"start":{"line":76,"column":24},"end":{"line":76,"column":null}},"18":{"start":{"line":83,"column":16},"end":{"line":85,"column":null}},"19":{"start":{"line":84,"column":18},"end":{"line":84,"column":null}},"20":{"start":{"line":86,"column":16},"end":{"line":86,"column":null}},"21":{"start":{"line":90,"column":24},"end":{"line":90,"column":null}},"22":{"start":{"line":98,"column":18},"end":{"line":100,"column":null}},"23":{"start":{"line":99,"column":20},"end":{"line":99,"column":null}},"24":{"start":{"line":101,"column":18},"end":{"line":101,"column":null}},"25":{"start":{"line":105,"column":26},"end":{"line":105,"column":null}},"26":{"start":{"line":111,"column":18},"end":{"line":113,"column":null}},"27":{"start":{"line":112,"column":20},"end":{"line":112,"column":null}},"28":{"start":{"line":114,"column":18},"end":{"line":114,"column":null}},"29":{"start":{"line":118,"column":26},"end":{"line":118,"column":null}},"30":{"start":{"line":124,"column":18},"end":{"line":126,"column":null}},"31":{"start":{"line":125,"column":20},"end":{"line":125,"column":null}},"32":{"start":{"line":127,"column":18},"end":{"line":129,"column":null}},"33":{"start":{"line":128,"column":20},"end":{"line":128,"column":null}},"34":{"start":{"line":130,"column":18},"end":{"line":130,"column":null}},"35":{"start":{"line":134,"column":26},"end":{"line":134,"column":null}},"36":{"start":{"line":142,"column":16},"end":{"line":144,"column":null}},"37":{"start":{"line":143,"column":18},"end":{"line":143,"column":null}},"38":{"start":{"line":145,"column":16},"end":{"line":145,"column":null}},"39":{"start":{"line":150,"column":14},"end":{"line":162,"column":null}},"40":{"start":{"line":170,"column":16},"end":{"line":172,"column":null}},"41":{"start":{"line":171,"column":18},"end":{"line":171,"column":null}},"42":{"start":{"line":173,"column":16},"end":{"line":179,"column":null}},"43":{"start":{"line":178,"column":18},"end":{"line":178,"column":null}},"44":{"start":{"line":180,"column":16},"end":{"line":180,"column":null}},"45":{"start":{"line":185,"column":14},"end":{"line":185,"column":null}},"46":{"start":{"line":201,"column":2},"end":{"line":205,"column":null}},"47":{"start":{"line":204,"column":26},"end":{"line":204,"column":null}}},"fnMap":{"0":{"name":"AddressForm","decl":{"start":{"line":7,"column":9},"end":{"line":7,"column":23}},"loc":{"start":{"line":7,"column":23},"end":{"line":198,"column":null}}},"1":{"name":"(anonymous_1)","decl":{"start":{"line":22,"column":14},"end":{"line":22,"column":15}},"loc":{"start":{"line":22,"column":29},"end":{"line":32,"column":null}}},"2":{"name":"(anonymous_2)","decl":{"start":{"line":34,"column":14},"end":{"line":34,"column":15}},"loc":{"start":{"line":34,"column":29},"end":{"line":38,"column":null}}},"3":{"name":"(anonymous_3)","decl":{"start":{"line":51,"column":20},"end":{"line":51,"column":21}},"loc":{"start":{"line":51,"column":27},"end":{"line":55,"column":null}}},"4":{"name":"(anonymous_4)","decl":{"start":{"line":59,"column":13},"end":{"line":59,"column":14}},"loc":{"start":{"line":59,"column":24},"end":{"line":59,"column":null}}},"5":{"name":"(anonymous_5)","decl":{"start":{"line":65,"column":22},"end":{"line":65,"column":23}},"loc":{"start":{"line":65,"column":37},"end":{"line":73,"column":null}}},"6":{"name":"(anonymous_6)","decl":{"start":{"line":76,"column":13},"end":{"line":76,"column":14}},"loc":{"start":{"line":76,"column":24},"end":{"line":76,"column":null}}},"7":{"name":"(anonymous_7)","decl":{"start":{"line":82,"column":22},"end":{"line":82,"column":23}},"loc":{"start":{"line":82,"column":37},"end":{"line":87,"column":null}}},"8":{"name":"(anonymous_8)","decl":{"start":{"line":90,"column":13},"end":{"line":90,"column":14}},"loc":{"start":{"line":90,"column":24},"end":{"line":90,"column":null}}},"9":{"name":"(anonymous_9)","decl":{"start":{"line":97,"column":24},"end":{"line":97,"column":25}},"loc":{"start":{"line":97,"column":39},"end":{"line":102,"column":null}}},"10":{"name":"(anonymous_10)","decl":{"start":{"line":105,"column":15},"end":{"line":105,"column":16}},"loc":{"start":{"line":105,"column":26},"end":{"line":105,"column":null}}},"11":{"name":"(anonymous_11)","decl":{"start":{"line":110,"column":24},"end":{"line":110,"column":25}},"loc":{"start":{"line":110,"column":39},"end":{"line":115,"column":null}}},"12":{"name":"(anonymous_12)","decl":{"start":{"line":118,"column":15},"end":{"line":118,"column":16}},"loc":{"start":{"line":118,"column":26},"end":{"line":118,"column":null}}},"13":{"name":"(anonymous_13)","decl":{"start":{"line":123,"column":24},"end":{"line":123,"column":25}},"loc":{"start":{"line":123,"column":39},"end":{"line":131,"column":null}}},"14":{"name":"(anonymous_14)","decl":{"start":{"line":134,"column":15},"end":{"line":134,"column":16}},"loc":{"start":{"line":134,"column":26},"end":{"line":134,"column":null}}},"15":{"name":"(anonymous_15)","decl":{"start":{"line":141,"column":22},"end":{"line":141,"column":23}},"loc":{"start":{"line":141,"column":37},"end":{"line":146,"column":null}}},"16":{"name":"(anonymous_16)","decl":{"start":{"line":149,"column":13},"end":{"line":149,"column":14}},"loc":{"start":{"line":150,"column":14},"end":{"line":162,"column":null}}},"17":{"name":"(anonymous_17)","decl":{"start":{"line":169,"column":22},"end":{"line":169,"column":23}},"loc":{"start":{"line":169,"column":37},"end":{"line":181,"column":null}}},"18":{"name":"(anonymous_18)","decl":{"start":{"line":184,"column":13},"end":{"line":184,"column":14}},"loc":{"start":{"line":185,"column":14},"end":{"line":185,"column":null}}},"19":{"name":"(anonymous_19)","decl":{"start":{"line":200,"column":15},"end":{"line":200,"column":16}},"loc":{"start":{"line":201,"column":2},"end":{"line":205,"column":null}}},"20":{"name":"(anonymous_20)","decl":{"start":{"line":204,"column":20},"end":{"line":204,"column":26}},"loc":{"start":{"line":204,"column":26},"end":{"line":204,"column":null}}}},"branchMap":{"0":{"loc":{"start":{"line":28,"column":8},"end":{"line":30,"column":null}},"type":"if","locations":[{"start":{"line":28,"column":8},"end":{"line":30,"column":null}},{"start":{},"end":{}}]},"1":{"loc":{"start":{"line":66,"column":16},"end":{"line":68,"column":null}},"type":"if","locations":[{"start":{"line":66,"column":16},"end":{"line":68,"column":null}},{"start":{},"end":{}}]},"2":{"loc":{"start":{"line":66,"column":20},"end":{"line":66,"column":57}},"type":"binary-expr","locations":[{"start":{"line":66,"column":20},"end":{"line":66,"column":30}},{"start":{"line":66,"column":30},"end":{"line":66,"column":57}}]},"3":{"loc":{"start":{"line":69,"column":16},"end":{"line":71,"column":null}},"type":"if","locations":[{"start":{"line":69,"column":16},"end":{"line":71,"column":null}},{"start":{},"end":{}}]},"4":{"loc":{"start":{"line":83,"column":16},"end":{"line":85,"column":null}},"type":"if","locations":[{"start":{"line":83,"column":16},"end":{"line":85,"column":null}},{"start":{},"end":{}}]},"5":{"loc":{"start":{"line":83,"column":20},"end":{"line":83,"column":57}},"type":"binary-expr","locations":[{"start":{"line":83,"column":20},"end":{"line":83,"column":30}},{"start":{"line":83,"column":30},"end":{"line":83,"column":57}}]},"6":{"loc":{"start":{"line":98,"column":18},"end":{"line":100,"column":null}},"type":"if","locations":[{"start":{"line":98,"column":18},"end":{"line":100,"column":null}},{"start":{},"end":{}}]},"7":{"loc":{"start":{"line":98,"column":22},"end":{"line":98,"column":59}},"type":"binary-expr","locations":[{"start":{"line":98,"column":22},"end":{"line":98,"column":32}},{"start":{"line":98,"column":32},"end":{"line":98,"column":59}}]},"8":{"loc":{"start":{"line":111,"column":18},"end":{"line":113,"column":null}},"type":"if","locations":[{"start":{"line":111,"column":18},"end":{"line":113,"column":null}},{"start":{},"end":{}}]},"9":{"loc":{"start":{"line":111,"column":22},"end":{"line":111,"column":59}},"type":"binary-expr","locations":[{"start":{"line":111,"column":22},"end":{"line":111,"column":32}},{"start":{"line":111,"column":32},"end":{"line":111,"column":59}}]},"10":{"loc":{"start":{"line":124,"column":18},"end":{"line":126,"column":null}},"type":"if","locations":[{"start":{"line":124,"column":18},"end":{"line":126,"column":null}},{"start":{},"end":{}}]},"11":{"loc":{"start":{"line":124,"column":22},"end":{"line":124,"column":59}},"type":"binary-expr","locations":[{"start":{"line":124,"column":22},"end":{"line":124,"column":32}},{"start":{"line":124,"column":32},"end":{"line":124,"column":59}}]},"12":{"loc":{"start":{"line":127,"column":18},"end":{"line":129,"column":null}},"type":"if","locations":[{"start":{"line":127,"column":18},"end":{"line":129,"column":null}},{"start":{},"end":{}}]},"13":{"loc":{"start":{"line":142,"column":16},"end":{"line":144,"column":null}},"type":"if","locations":[{"start":{"line":142,"column":16},"end":{"line":144,"column":null}},{"start":{},"end":{}}]},"14":{"loc":{"start":{"line":142,"column":20},"end":{"line":142,"column":57}},"type":"binary-expr","locations":[{"start":{"line":142,"column":20},"end":{"line":142,"column":30}},{"start":{"line":142,"column":30},"end":{"line":142,"column":57}}]},"15":{"loc":{"start":{"line":170,"column":16},"end":{"line":172,"column":null}},"type":"if","locations":[{"start":{"line":170,"column":16},"end":{"line":172,"column":null}},{"start":{},"end":{}}]},"16":{"loc":{"start":{"line":170,"column":20},"end":{"line":170,"column":57}},"type":"binary-expr","locations":[{"start":{"line":170,"column":20},"end":{"line":170,"column":30}},{"start":{"line":170,"column":30},"end":{"line":170,"column":57}}]},"17":{"loc":{"start":{"line":173,"column":16},"end":{"line":179,"column":null}},"type":"if","locations":[{"start":{"line":173,"column":16},"end":{"line":179,"column":null}},{"start":{},"end":{}}]}},"s":{"0":0,"1":0,"2":0,"3":0,"4":0,"5":0,"6":0,"7":0,"8":0,"9":0,"10":0,"11":0,"12":0,"13":0,"14":0,"15":0,"16":0,"17":0,"18":0,"19":0,"20":0,"21":0,"22":0,"23":0,"24":0,"25":0,"26":0,"27":0,"28":0,"29":0,"30":0,"31":0,"32":0,"33":0,"34":0,"35":0,"36":0,"37":0,"38":0,"39":0,"40":0,"41":0,"42":0,"43":0,"44":0,"45":0,"46":0,"47":0},"f":{"0":0,"1":0,"2":0,"3":0,"4":0,"5":0,"6":0,"7":0,"8":0,"9":0,"10":0,"11":0,"12":0,"13":0,"14":0,"15":0,"16":0,"17":0,"18":0,"19":0,"20":0},"b":{"0":[0,0],"1":[0,0],"2":[0,0],"3":[0,0],"4":[0,0],"5":[0,0],"6":[0,0],"7":[0,0],"8":[0,0],"9":[0,0],"10":[0,0],"11":[0,0],"12":[0,0],"13":[0,0],"14":[0,0],"15":[0,0],"16":[0,0],"17":[0,0]}}
,"/Users/andres/dev/mtt-scaffolding/apps/web/src/modules/form/components.tsx": {"path":"/Users/andres/dev/mtt-scaffolding/apps/web/src/modules/form/components.tsx","statementMap":{"0":{"start":{"line":5,"column":15},"end":{"line":5,"column":null}},"1":{"start":{"line":6,"column":2},"end":{"line":17,"column":null}},"2":{"start":{"line":7,"column":41},"end":{"line":7,"column":null}},"3":{"start":{"line":9,"column":8},"end":{"line":15,"column":null}},"4":{"start":{"line":26,"column":2},"end":{"line":36,"column":null}},"5":{"start":{"line":29,"column":8},"end":{"line":34,"column":null}},"6":{"start":{"line":47,"column":16},"end":{"line":47,"column":null}},"7":{"start":{"line":48,"column":17},"end":{"line":48,"column":null}},"8":{"start":{"line":48,"column":50},"end":{"line":48,"column":67}},"9":{"start":{"line":50,"column":2},"end":{"line":63,"column":null}},"10":{"start":{"line":58,"column":27},"end":{"line":58,"column":null}},"11":{"start":{"line":74,"column":16},"end":{"line":74,"column":null}},"12":{"start":{"line":75,"column":17},"end":{"line":75,"column":null}},"13":{"start":{"line":75,"column":50},"end":{"line":75,"column":67}},"14":{"start":{"line":77,"column":2},"end":{"line":90,"column":null}},"15":{"start":{"line":85,"column":27},"end":{"line":85,"column":null}},"16":{"start":{"line":102,"column":16},"end":{"line":102,"column":null}},"17":{"start":{"line":103,"column":17},"end":{"line":103,"column":null}},"18":{"start":{"line":103,"column":50},"end":{"line":103,"column":67}},"19":{"start":{"line":105,"column":2},"end":{"line":124,"column":null}},"20":{"start":{"line":114,"column":25},"end":{"line":114,"column":null}},"21":{"start":{"line":118,"column":10},"end":{"line":120,"column":null}}},"fnMap":{"0":{"name":"SubscribeButton","decl":{"start":{"line":4,"column":16},"end":{"line":4,"column":32}},"loc":{"start":{"line":4,"column":62},"end":{"line":19,"column":null}}},"1":{"name":"(anonymous_1)","decl":{"start":{"line":7,"column":30},"end":{"line":7,"column":31}},"loc":{"start":{"line":7,"column":41},"end":{"line":7,"column":null}}},"2":{"name":"(anonymous_2)","decl":{"start":{"line":8,"column":7},"end":{"line":8,"column":8}},"loc":{"start":{"line":9,"column":8},"end":{"line":15,"column":null}}},"3":{"name":"ErrorMessages","decl":{"start":{"line":21,"column":9},"end":{"line":21,"column":23}},"loc":{"start":{"line":25,"column":3},"end":{"line":38,"column":null}}},"4":{"name":"(anonymous_4)","decl":{"start":{"line":28,"column":18},"end":{"line":28,"column":19}},"loc":{"start":{"line":29,"column":8},"end":{"line":34,"column":null}}},"5":{"name":"TextField","decl":{"start":{"line":40,"column":16},"end":{"line":40,"column":26}},"loc":{"start":{"line":46,"column":3},"end":{"line":65,"column":null}}},"6":{"name":"(anonymous_6)","decl":{"start":{"line":48,"column":39},"end":{"line":48,"column":40}},"loc":{"start":{"line":48,"column":50},"end":{"line":48,"column":67}}},"7":{"name":"(anonymous_7)","decl":{"start":{"line":58,"column":20},"end":{"line":58,"column":21}},"loc":{"start":{"line":58,"column":27},"end":{"line":58,"column":null}}},"8":{"name":"TextArea","decl":{"start":{"line":67,"column":16},"end":{"line":67,"column":25}},"loc":{"start":{"line":73,"column":3},"end":{"line":92,"column":null}}},"9":{"name":"(anonymous_9)","decl":{"start":{"line":75,"column":39},"end":{"line":75,"column":40}},"loc":{"start":{"line":75,"column":50},"end":{"line":75,"column":67}}},"10":{"name":"(anonymous_10)","decl":{"start":{"line":85,"column":20},"end":{"line":85,"column":21}},"loc":{"start":{"line":85,"column":27},"end":{"line":85,"column":null}}},"11":{"name":"Select","decl":{"start":{"line":94,"column":16},"end":{"line":94,"column":23}},"loc":{"start":{"line":101,"column":3},"end":{"line":126,"column":null}}},"12":{"name":"(anonymous_12)","decl":{"start":{"line":103,"column":39},"end":{"line":103,"column":40}},"loc":{"start":{"line":103,"column":50},"end":{"line":103,"column":67}}},"13":{"name":"(anonymous_13)","decl":{"start":{"line":114,"column":18},"end":{"line":114,"column":19}},"loc":{"start":{"line":114,"column":25},"end":{"line":114,"column":null}}},"14":{"name":"(anonymous_14)","decl":{"start":{"line":117,"column":20},"end":{"line":117,"column":21}},"loc":{"start":{"line":118,"column":10},"end":{"line":120,"column":null}}}},"branchMap":{"0":{"loc":{"start":{"line":33,"column":11},"end":{"line":33,"column":null}},"type":"cond-expr","locations":[{"start":{"line":33,"column":39},"end":{"line":33,"column":47}},{"start":{"line":33,"column":47},"end":{"line":33,"column":null}}]},"1":{"loc":{"start":{"line":30,"column":15},"end":{"line":30,"column":null}},"type":"cond-expr","locations":[{"start":{"line":30,"column":43},"end":{"line":30,"column":51}},{"start":{"line":30,"column":51},"end":{"line":30,"column":null}}]},"2":{"loc":{"start":{"line":62,"column":7},"end":{"line":62,"column":null}},"type":"binary-expr","locations":[{"start":{"line":62,"column":7},"end":{"line":62,"column":37}},{"start":{"line":62,"column":37},"end":{"line":62,"column":null}}]},"3":{"loc":{"start":{"line":69,"column":2},"end":{"line":69,"column":null}},"type":"default-arg","locations":[{"start":{"line":69,"column":9},"end":{"line":69,"column":null}}]},"4":{"loc":{"start":{"line":89,"column":7},"end":{"line":89,"column":null}},"type":"binary-expr","locations":[{"start":{"line":89,"column":7},"end":{"line":89,"column":37}},{"start":{"line":89,"column":37},"end":{"line":89,"column":null}}]},"5":{"loc":{"start":{"line":123,"column":7},"end":{"line":123,"column":null}},"type":"binary-expr","locations":[{"start":{"line":123,"column":7},"end":{"line":123,"column":37}},{"start":{"line":123,"column":37},"end":{"line":123,"column":null}}]}},"s":{"0":0,"1":0,"2":0,"3":0,"4":0,"5":0,"6":0,"7":0,"8":0,"9":0,"10":0,"11":0,"12":0,"13":0,"14":0,"15":0,"16":0,"17":0,"18":0,"19":0,"20":0,"21":0},"f":{"0":0,"1":0,"2":0,"3":0,"4":0,"5":0,"6":0,"7":0,"8":0,"9":0,"10":0,"11":0,"12":0,"13":0,"14":0},"b":{"0":[0,0],"1":[0,0],"2":[0,0],"3":[0],"4":[0,0],"5":[0,0]}}
,"/Users/andres/dev/mtt-scaffolding/apps/web/src/modules/form/context.ts": {"path":"/Users/andres/dev/mtt-scaffolding/apps/web/src/modules/form/context.ts","statementMap":{"0":{"start":{"line":4,"column":2},"end":{"line":4,"column":null}}},"fnMap":{},"branchMap":{},"s":{"0":0},"f":{},"b":{}}
,"/Users/andres/dev/mtt-scaffolding/apps/web/src/modules/form/hooks.ts": {"path":"/Users/andres/dev/mtt-scaffolding/apps/web/src/modules/form/hooks.ts","statementMap":{"0":{"start":{"line":11,"column":30},"end":{"line":22,"column":null}}},"fnMap":{},"branchMap":{},"s":{"0":0},"f":{},"b":{}}
,"/Users/andres/dev/mtt-scaffolding/apps/web/src/modules/form/simple.route.tsx": {"path":"/Users/andres/dev/mtt-scaffolding/apps/web/src/modules/form/simple.route.tsx","statementMap":{"0":{"start":{"line":8,"column":15},"end":{"line":11,"column":null}},"1":{"start":{"line":14,"column":15},"end":{"line":27,"column":null}},"2":{"start":{"line":23,"column":6},"end":{"line":23,"column":null}},"3":{"start":{"line":25,"column":6},"end":{"line":25,"column":null}},"4":{"start":{"line":29,"column":2},"end":{"line":61,"column":null}},"5":{"start":{"line":40,"column":12},"end":{"line":40,"column":null}},"6":{"start":{"line":41,"column":12},"end":{"line":41,"column":null}},"7":{"start":{"line":42,"column":12},"end":{"line":42,"column":null}},"8":{"start":{"line":47,"column":24},"end":{"line":47,"column":null}},"9":{"start":{"line":51,"column":24},"end":{"line":51,"column":null}},"10":{"start":{"line":66,"column":2},"end":{"line":70,"column":null}},"11":{"start":{"line":69,"column":26},"end":{"line":69,"column":null}}},"fnMap":{"0":{"name":"SimpleForm","decl":{"start":{"line":13,"column":9},"end":{"line":13,"column":22}},"loc":{"start":{"line":13,"column":22},"end":{"line":63,"column":null}}},"1":{"name":"(anonymous_1)","decl":{"start":{"line":22,"column":14},"end":{"line":22,"column":15}},"loc":{"start":{"line":22,"column":29},"end":{"line":26,"column":null}}},"2":{"name":"(anonymous_2)","decl":{"start":{"line":39,"column":20},"end":{"line":39,"column":21}},"loc":{"start":{"line":39,"column":27},"end":{"line":43,"column":null}}},"3":{"name":"(anonymous_3)","decl":{"start":{"line":47,"column":13},"end":{"line":47,"column":14}},"loc":{"start":{"line":47,"column":24},"end":{"line":47,"column":null}}},"4":{"name":"(anonymous_4)","decl":{"start":{"line":51,"column":13},"end":{"line":51,"column":14}},"loc":{"start":{"line":51,"column":24},"end":{"line":51,"column":null}}},"5":{"name":"(anonymous_5)","decl":{"start":{"line":65,"column":15},"end":{"line":65,"column":16}},"loc":{"start":{"line":66,"column":2},"end":{"line":70,"column":null}}},"6":{"name":"(anonymous_6)","decl":{"start":{"line":69,"column":20},"end":{"line":69,"column":26}},"loc":{"start":{"line":69,"column":26},"end":{"line":69,"column":null}}}},"branchMap":{},"s":{"0":0,"1":0,"2":0,"3":0,"4":0,"5":0,"6":0,"7":0,"8":0,"9":0,"10":0,"11":0},"f":{"0":0,"1":0,"2":0,"3":0,"4":0,"5":0,"6":0},"b":{}}
,"/Users/andres/dev/mtt-scaffolding/apps/web/src/modules/query/demo.route.tsx": {"path":"/Users/andres/dev/mtt-scaffolding/apps/web/src/modules/query/demo.route.tsx","statementMap":{"0":{"start":{"line":7,"column":19},"end":{"line":12,"column":null}},"1":{"start":{"line":10,"column":6},"end":{"line":10,"column":null}},"2":{"start":{"line":14,"column":2},"end":{"line":22,"column":null}},"3":{"start":{"line":19,"column":10},"end":{"line":19,"column":null}},"4":{"start":{"line":27,"column":2},"end":{"line":31,"column":null}},"5":{"start":{"line":30,"column":26},"end":{"line":30,"column":null}}},"fnMap":{"0":{"name":"TanStackQueryDemo","decl":{"start":{"line":6,"column":9},"end":{"line":6,"column":29}},"loc":{"start":{"line":6,"column":29},"end":{"line":24,"column":null}}},"1":{"name":"(anonymous_1)","decl":{"start":{"line":9,"column":13},"end":{"line":9,"column":null}},"loc":{"start":{"line":10,"column":6},"end":{"line":10,"column":null}}},"2":{"name":"(anonymous_2)","decl":{"start":{"line":18,"column":18},"end":{"line":18,"column":19}},"loc":{"start":{"line":19,"column":10},"end":{"line":19,"column":null}}},"3":{"name":"(anonymous_3)","decl":{"start":{"line":26,"column":15},"end":{"line":26,"column":16}},"loc":{"start":{"line":27,"column":2},"end":{"line":31,"column":null}}},"4":{"name":"(anonymous_4)","decl":{"start":{"line":30,"column":20},"end":{"line":30,"column":26}},"loc":{"start":{"line":30,"column":26},"end":{"line":30,"column":null}}}},"branchMap":{},"s":{"0":0,"1":0,"2":0,"3":0,"4":0,"5":0},"f":{"0":0,"1":0,"2":0,"3":0,"4":0},"b":{}}
}
