{"/Users/andres/dev/mtt-scaffolding/apps/api/scripts/generate-openapi.ts": {"path":"/Users/andres/dev/mtt-scaffolding/apps/api/scripts/generate-openapi.ts","statementMap":{"0":{"start":{"line":8,"column":2},"end":{"line":31,"column":null}},"1":{"start":{"line":10,"column":17},"end":{"line":16,"column":null}},"2":{"start":{"line":19,"column":22},"end":{"line":19,"column":null}},"3":{"start":{"line":20,"column":4},"end":{"line":20,"column":null}},"4":{"start":{"line":23,"column":23},"end":{"line":23,"column":null}},"5":{"start":{"line":24,"column":4},"end":{"line":24,"column":null}},"6":{"start":{"line":26,"column":4},"end":{"line":26,"column":null}},"7":{"start":{"line":28,"column":4},"end":{"line":28,"column":null}},"8":{"start":{"line":30,"column":4},"end":{"line":30,"column":null}},"9":{"start":{"line":34,"column":0},"end":{"line":34,"column":null}}},"fnMap":{"0":{"name":"generateOpenAPI","decl":{"start":{"line":7,"column":15},"end":{"line":7,"column":33}},"loc":{"start":{"line":7,"column":33},"end":{"line":32,"column":null}}}},"branchMap":{},"s":{"0":0,"1":0,"2":0,"3":0,"4":0,"5":0,"6":0,"7":0,"8":0,"9":0},"f":{"0":0},"b":{}}
,"/Users/andres/dev/mtt-scaffolding/apps/api/src/app.ts": {"path":"/Users/andres/dev/mtt-scaffolding/apps/api/src/app.ts","statementMap":{"0":{"start":{"line":7,"column":12},"end":{"line":7,"column":null}},"1":{"start":{"line":9,"column":15},"end":{"line":9,"column":null}},"2":{"start":{"line":11,"column":0},"end":{"line":11,"column":null}},"3":{"start":{"line":13,"column":0},"end":{"line":15,"column":null}},"4":{"start":{"line":14,"column":2},"end":{"line":14,"column":null}}},"fnMap":{},"branchMap":{},"s":{"0":0,"1":0,"2":0,"3":0,"4":0},"f":{},"b":{}}
,"/Users/andres/dev/mtt-scaffolding/apps/api/src/index.ts": {"path":"/Users/andres/dev/mtt-scaffolding/apps/api/src/index.ts","statementMap":{"0":{"start":{"line":9,"column":0},"end":{"line":17,"column":null}},"1":{"start":{"line":15,"column":4},"end":{"line":15,"column":null}}},"fnMap":{"0":{"name":"(anonymous_0)","decl":{"start":{"line":14,"column":2},"end":{"line":14,"column":3}},"loc":{"start":{"line":14,"column":12},"end":{"line":16,"column":null}}}},"branchMap":{},"s":{"0":0,"1":0},"f":{"0":0},"b":{}}
,"/Users/andres/dev/mtt-scaffolding/apps/api/src/modules/index.router.ts": {"path":"/Users/andres/dev/mtt-scaffolding/apps/api/src/modules/index.router.ts","statementMap":{"0":{"start":{"line":7,"column":20},"end":{"line":28,"column":null}},"1":{"start":{"line":21,"column":4},"end":{"line":26,"column":null}}},"fnMap":{"0":{"name":"(anonymous_0)","decl":{"start":{"line":20,"column":2},"end":{"line":20,"column":3}},"loc":{"start":{"line":20,"column":9},"end":{"line":27,"column":null}}}},"branchMap":{},"s":{"0":0,"1":0},"f":{"0":0},"b":{}}
,"/Users/andres/dev/mtt-scaffolding/apps/api/src/modules/user/user.handlers.ts": {"path":"/Users/andres/dev/mtt-scaffolding/apps/api/src/modules/user/user.handlers.ts","statementMap":{"0":{"start":{"line":21,"column":52},"end":{"line":25,"column":null}},"1":{"start":{"line":22,"column":16},"end":{"line":22,"column":null}},"2":{"start":{"line":24,"column":2},"end":{"line":24,"column":null}},"3":{"start":{"line":27,"column":58},"end":{"line":41,"column":null}},"4":{"start":{"line":28,"column":17},"end":{"line":28,"column":null}},"5":{"start":{"line":30,"column":15},"end":{"line":34,"column":null}},"6":{"start":{"line":32,"column":6},"end":{"line":32,"column":null}},"7":{"start":{"line":36,"column":2},"end":{"line":38,"column":null}},"8":{"start":{"line":37,"column":4},"end":{"line":37,"column":null}},"9":{"start":{"line":40,"column":2},"end":{"line":40,"column":null}},"10":{"start":{"line":43,"column":56},"end":{"line":48,"column":null}},"11":{"start":{"line":44,"column":16},"end":{"line":44,"column":null}},"12":{"start":{"line":45,"column":17},"end":{"line":45,"column":null}},"13":{"start":{"line":47,"column":2},"end":{"line":47,"column":null}},"14":{"start":{"line":50,"column":55},"end":{"line":65,"column":null}},"15":{"start":{"line":51,"column":17},"end":{"line":51,"column":null}},"16":{"start":{"line":52,"column":16},"end":{"line":52,"column":null}},"17":{"start":{"line":54,"column":17},"end":{"line":58,"column":null}},"18":{"start":{"line":60,"column":2},"end":{"line":62,"column":null}},"19":{"start":{"line":61,"column":4},"end":{"line":61,"column":null}},"20":{"start":{"line":64,"column":2},"end":{"line":64,"column":null}},"21":{"start":{"line":67,"column":56},"end":{"line":77,"column":null}},"22":{"start":{"line":68,"column":17},"end":{"line":68,"column":null}},"23":{"start":{"line":70,"column":18},"end":{"line":70,"column":null}},"24":{"start":{"line":72,"column":2},"end":{"line":74,"column":null}},"25":{"start":{"line":73,"column":4},"end":{"line":73,"column":null}},"26":{"start":{"line":76,"column":2},"end":{"line":76,"column":null}}},"fnMap":{"0":{"name":"(anonymous_0)","decl":{"start":{"line":21,"column":52},"end":{"line":21,"column":59}},"loc":{"start":{"line":21,"column":65},"end":{"line":25,"column":null}}},"1":{"name":"(anonymous_1)","decl":{"start":{"line":27,"column":58},"end":{"line":27,"column":65}},"loc":{"start":{"line":27,"column":71},"end":{"line":41,"column":null}}},"2":{"name":"(anonymous_2)","decl":{"start":{"line":31,"column":4},"end":{"line":31,"column":10}},"loc":{"start":{"line":31,"column":29},"end":{"line":33,"column":null}}},"3":{"name":"(anonymous_3)","decl":{"start":{"line":43,"column":56},"end":{"line":43,"column":63}},"loc":{"start":{"line":43,"column":69},"end":{"line":48,"column":null}}},"4":{"name":"(anonymous_4)","decl":{"start":{"line":50,"column":55},"end":{"line":50,"column":62}},"loc":{"start":{"line":50,"column":68},"end":{"line":65,"column":null}}},"5":{"name":"(anonymous_5)","decl":{"start":{"line":67,"column":56},"end":{"line":67,"column":63}},"loc":{"start":{"line":67,"column":69},"end":{"line":77,"column":null}}}},"branchMap":{"0":{"loc":{"start":{"line":36,"column":2},"end":{"line":38,"column":null}},"type":"if","locations":[{"start":{"line":36,"column":2},"end":{"line":38,"column":null}},{"start":{},"end":{}}]},"1":{"loc":{"start":{"line":60,"column":2},"end":{"line":62,"column":null}},"type":"if","locations":[{"start":{"line":60,"column":2},"end":{"line":62,"column":null}},{"start":{},"end":{}}]},"2":{"loc":{"start":{"line":72,"column":2},"end":{"line":74,"column":null}},"type":"if","locations":[{"start":{"line":72,"column":2},"end":{"line":74,"column":null}},{"start":{},"end":{}}]}},"s":{"0":1,"1":1,"2":1,"3":1,"4":2,"5":2,"6":2,"7":2,"8":1,"9":1,"10":1,"11":1,"12":1,"13":1,"14":1,"15":2,"16":2,"17":2,"18":2,"19":1,"20":1,"21":1,"22":2,"23":2,"24":2,"25":1,"26":1},"f":{"0":1,"1":2,"2":2,"3":1,"4":2,"5":2},"b":{"0":[1,1],"1":[1,1],"2":[1,1]}}
,"/Users/andres/dev/mtt-scaffolding/apps/api/src/modules/user/user.router.ts": {"path":"/Users/andres/dev/mtt-scaffolding/apps/api/src/modules/user/user.router.ts","statementMap":{"0":{"start":{"line":6,"column":19},"end":{"line":11,"column":null}}},"fnMap":{},"branchMap":{},"s":{"0":1},"f":{},"b":{}}
,"/Users/andres/dev/mtt-scaffolding/apps/api/src/modules/user/user.routes.ts": {"path":"/Users/andres/dev/mtt-scaffolding/apps/api/src/modules/user/user.routes.ts","statementMap":{"0":{"start":{"line":22,"column":13},"end":{"line":22,"column":null}},"1":{"start":{"line":24,"column":20},"end":{"line":32,"column":null}},"2":{"start":{"line":34,"column":23},"end":{"line":50,"column":null}},"3":{"start":{"line":52,"column":22},"end":{"line":67,"column":null}},"4":{"start":{"line":69,"column":21},"end":{"line":86,"column":null}},"5":{"start":{"line":88,"column":22},"end":{"line":104,"column":null}}},"fnMap":{},"branchMap":{},"s":{"0":1,"1":1,"2":1,"3":1,"4":1,"5":1},"f":{},"b":{}}
,"/Users/andres/dev/mtt-scaffolding/apps/api/src/modules/user/user.schema.ts": {"path":"/Users/andres/dev/mtt-scaffolding/apps/api/src/modules/user/user.schema.ts","statementMap":{"0":{"start":{"line":4,"column":21},"end":{"line":13,"column":null}},"1":{"start":{"line":12,"column":21},"end":{"line":12,"column":31}},"2":{"start":{"line":15,"column":33},"end":{"line":15,"column":null}},"3":{"start":{"line":17,"column":32},"end":{"line":26,"column":null}},"4":{"start":{"line":18,"column":24},"end":{"line":18,"column":null}},"5":{"start":{"line":19,"column":21},"end":{"line":19,"column":null}},"6":{"start":{"line":28,"column":31},"end":{"line":28,"column":null}}},"fnMap":{"0":{"name":"(anonymous_0)","decl":{"start":{"line":12,"column":15},"end":{"line":12,"column":21}},"loc":{"start":{"line":12,"column":21},"end":{"line":12,"column":31}}},"1":{"name":"(anonymous_1)","decl":{"start":{"line":18,"column":12},"end":{"line":18,"column":13}},"loc":{"start":{"line":18,"column":24},"end":{"line":18,"column":null}}},"2":{"name":"(anonymous_2)","decl":{"start":{"line":19,"column":9},"end":{"line":19,"column":10}},"loc":{"start":{"line":19,"column":21},"end":{"line":19,"column":null}}}},"branchMap":{},"s":{"0":1,"1":2,"2":1,"3":1,"4":1,"5":1,"6":1},"f":{"0":2,"1":1,"2":1},"b":{}}
,"/Users/andres/dev/mtt-scaffolding/apps/api/src/shared/env.ts": {"path":"/Users/andres/dev/mtt-scaffolding/apps/api/src/shared/env.ts","statementMap":{"0":{"start":{"line":7,"column":0},"end":{"line":7,"column":null}},"1":{"start":{"line":9,"column":18},"end":{"line":31,"column":null}},"2":{"start":{"line":22,"column":4},"end":{"line":30,"column":null}},"3":{"start":{"line":23,"column":6},"end":{"line":29,"column":null}},"4":{"start":{"line":36,"column":29},"end":{"line":36,"column":null}},"5":{"start":{"line":38,"column":0},"end":{"line":43,"column":null}},"6":{"start":{"line":39,"column":2},"end":{"line":39,"column":null}},"7":{"start":{"line":40,"column":2},"end":{"line":40,"column":null}},"8":{"start":{"line":42,"column":2},"end":{"line":42,"column":null}}},"fnMap":{"0":{"name":"(anonymous_0)","decl":{"start":{"line":21,"column":15},"end":{"line":21,"column":16}},"loc":{"start":{"line":21,"column":31},"end":{"line":31,"column":3}}}},"branchMap":{"0":{"loc":{"start":{"line":22,"column":4},"end":{"line":30,"column":null}},"type":"if","locations":[{"start":{"line":22,"column":4},"end":{"line":30,"column":null}},{"start":{},"end":{}}]},"1":{"loc":{"start":{"line":22,"column":8},"end":{"line":22,"column":71}},"type":"binary-expr","locations":[{"start":{"line":22,"column":8},"end":{"line":22,"column":43}},{"start":{"line":22,"column":43},"end":{"line":22,"column":71}}]},"2":{"loc":{"start":{"line":38,"column":0},"end":{"line":43,"column":null}},"type":"if","locations":[{"start":{"line":38,"column":0},"end":{"line":43,"column":null}},{"start":{},"end":{}}]}},"s":{"0":1,"1":1,"2":1,"3":0,"4":1,"5":1,"6":0,"7":0,"8":0},"f":{"0":1},"b":{"0":[0,1],"1":[1,0],"2":[0,1]}}
,"/Users/andres/dev/mtt-scaffolding/apps/api/src/shared/db/index.ts": {"path":"/Users/andres/dev/mtt-scaffolding/apps/api/src/shared/db/index.ts","statementMap":{"0":{"start":{"line":7,"column":15},"end":{"line":7,"column":null}},"1":{"start":{"line":8,"column":11},"end":{"line":8,"column":null}}},"fnMap":{},"branchMap":{},"s":{"0":0,"1":0},"f":{},"b":{}}
,"/Users/andres/dev/mtt-scaffolding/apps/api/src/shared/db/schema.ts": {"path":"/Users/andres/dev/mtt-scaffolding/apps/api/src/shared/db/schema.ts","statementMap":{"0":{"start":{"line":3,"column":15},"end":{"line":5,"column":null}}},"fnMap":{},"branchMap":{},"s":{"0":1},"f":{},"b":{}}
,"/Users/andres/dev/mtt-scaffolding/apps/api/src/shared/http/status-codes.ts": {"path":"/Users/andres/dev/mtt-scaffolding/apps/api/src/shared/http/status-codes.ts","statementMap":{"0":{"start":{"line":8,"column":29},"end":{"line":8,"column":null}},"1":{"start":{"line":14,"column":32},"end":{"line":14,"column":null}},"2":{"start":{"line":20,"column":32},"end":{"line":20,"column":null}},"3":{"start":{"line":26,"column":29},"end":{"line":26,"column":null}},"4":{"start":{"line":32,"column":29},"end":{"line":32,"column":null}},"5":{"start":{"line":38,"column":28},"end":{"line":38,"column":null}},"6":{"start":{"line":44,"column":39},"end":{"line":44,"column":null}},"7":{"start":{"line":50,"column":38},"end":{"line":50,"column":null}},"8":{"start":{"line":56,"column":30},"end":{"line":56,"column":null}},"9":{"start":{"line":62,"column":36},"end":{"line":62,"column":null}},"10":{"start":{"line":68,"column":25},"end":{"line":68,"column":null}},"11":{"start":{"line":74,"column":47},"end":{"line":74,"column":null}},"12":{"start":{"line":80,"column":32},"end":{"line":80,"column":null}},"13":{"start":{"line":86,"column":51},"end":{"line":86,"column":null}},"14":{"start":{"line":92,"column":41},"end":{"line":92,"column":null}},"15":{"start":{"line":98,"column":42},"end":{"line":98,"column":null}},"16":{"start":{"line":104,"column":36},"end":{"line":104,"column":null}},"17":{"start":{"line":110,"column":27},"end":{"line":110,"column":null}},"18":{"start":{"line":117,"column":35},"end":{"line":117,"column":null}},"19":{"start":{"line":123,"column":39},"end":{"line":123,"column":null}},"20":{"start":{"line":129,"column":38},"end":{"line":129,"column":null}},"21":{"start":{"line":135,"column":38},"end":{"line":135,"column":null}},"22":{"start":{"line":141,"column":33},"end":{"line":141,"column":null}},"23":{"start":{"line":147,"column":37},"end":{"line":147,"column":null}},"24":{"start":{"line":153,"column":52},"end":{"line":153,"column":null}},"25":{"start":{"line":159,"column":31},"end":{"line":159,"column":null}},"26":{"start":{"line":165,"column":50},"end":{"line":165,"column":null}},"27":{"start":{"line":171,"column":35},"end":{"line":171,"column":null}},"28":{"start":{"line":177,"column":30},"end":{"line":177,"column":null}},"29":{"start":{"line":183,"column":36},"end":{"line":183,"column":null}},"30":{"start":{"line":189,"column":33},"end":{"line":189,"column":null}},"31":{"start":{"line":199,"column":23},"end":{"line":199,"column":null}},"32":{"start":{"line":205,"column":36},"end":{"line":205,"column":null}},"33":{"start":{"line":211,"column":37},"end":{"line":211,"column":null}},"34":{"start":{"line":217,"column":39},"end":{"line":217,"column":null}},"35":{"start":{"line":223,"column":40},"end":{"line":223,"column":null}},"36":{"start":{"line":229,"column":42},"end":{"line":229,"column":null}},"37":{"start":{"line":235,"column":31},"end":{"line":235,"column":null}},"38":{"start":{"line":241,"column":32},"end":{"line":241,"column":null}},"39":{"start":{"line":247,"column":37},"end":{"line":247,"column":null}},"40":{"start":{"line":253,"column":50},"end":{"line":253,"column":null}},"41":{"start":{"line":259,"column":52},"end":{"line":259,"column":null}},"42":{"start":{"line":265,"column":36},"end":{"line":265,"column":null}},"43":{"start":{"line":271,"column":37},"end":{"line":271,"column":null}},"44":{"start":{"line":277,"column":41},"end":{"line":277,"column":null}},"45":{"start":{"line":283,"column":52},"end":{"line":283,"column":null}},"46":{"start":{"line":289,"column":34},"end":{"line":289,"column":null}},"47":{"start":{"line":295,"column":30},"end":{"line":295,"column":null}},"48":{"start":{"line":301,"column":40},"end":{"line":301,"column":null}},"49":{"start":{"line":307,"column":40},"end":{"line":307,"column":null}},"50":{"start":{"line":313,"column":39},"end":{"line":313,"column":null}},"51":{"start":{"line":319,"column":38},"end":{"line":319,"column":null}},"52":{"start":{"line":325,"column":33},"end":{"line":325,"column":null}},"53":{"start":{"line":331,"column":50},"end":{"line":331,"column":null}},"54":{"start":{"line":337,"column":41},"end":{"line":337,"column":null}},"55":{"start":{"line":343,"column":43},"end":{"line":343,"column":null}},"56":{"start":{"line":350,"column":30},"end":{"line":350,"column":null}},"57":{"start":{"line":356,"column":40},"end":{"line":356,"column":null}}},"fnMap":{},"branchMap":{},"s":{"0":1,"1":1,"2":1,"3":1,"4":1,"5":1,"6":1,"7":1,"8":1,"9":1,"10":1,"11":1,"12":1,"13":1,"14":1,"15":1,"16":1,"17":1,"18":1,"19":1,"20":1,"21":1,"22":1,"23":1,"24":1,"25":1,"26":1,"27":1,"28":1,"29":1,"30":1,"31":1,"32":1,"33":1,"34":1,"35":1,"36":1,"37":1,"38":1,"39":1,"40":1,"41":1,"42":1,"43":1,"44":1,"45":1,"46":1,"47":1,"48":1,"49":1,"50":1,"51":1,"52":1,"53":1,"54":1,"55":1,"56":1,"57":1},"f":{},"b":{}}
,"/Users/andres/dev/mtt-scaffolding/apps/api/src/shared/http/status-phrases.ts": {"path":"/Users/andres/dev/mtt-scaffolding/apps/api/src/shared/http/status-phrases.ts","statementMap":{"0":{"start":{"line":8,"column":32},"end":{"line":8,"column":null}},"1":{"start":{"line":14,"column":35},"end":{"line":14,"column":null}},"2":{"start":{"line":20,"column":35},"end":{"line":20,"column":null}},"3":{"start":{"line":26,"column":32},"end":{"line":26,"column":null}},"4":{"start":{"line":32,"column":32},"end":{"line":32,"column":null}},"5":{"start":{"line":38,"column":31},"end":{"line":38,"column":null}},"6":{"start":{"line":44,"column":42},"end":{"line":44,"column":null}},"7":{"start":{"line":50,"column":41},"end":{"line":50,"column":null}},"8":{"start":{"line":56,"column":33},"end":{"line":56,"column":null}},"9":{"start":{"line":62,"column":39},"end":{"line":62,"column":null}},"10":{"start":{"line":68,"column":28},"end":{"line":68,"column":null}},"11":{"start":{"line":74,"column":50},"end":{"line":74,"column":null}},"12":{"start":{"line":80,"column":35},"end":{"line":80,"column":null}},"13":{"start":{"line":87,"column":2},"end":{"line":87,"column":null}},"14":{"start":{"line":93,"column":44},"end":{"line":93,"column":null}},"15":{"start":{"line":99,"column":45},"end":{"line":99,"column":null}},"16":{"start":{"line":105,"column":39},"end":{"line":105,"column":null}},"17":{"start":{"line":111,"column":30},"end":{"line":111,"column":null}},"18":{"start":{"line":118,"column":38},"end":{"line":118,"column":null}},"19":{"start":{"line":124,"column":42},"end":{"line":124,"column":null}},"20":{"start":{"line":130,"column":41},"end":{"line":130,"column":null}},"21":{"start":{"line":136,"column":41},"end":{"line":136,"column":null}},"22":{"start":{"line":142,"column":36},"end":{"line":142,"column":null}},"23":{"start":{"line":148,"column":40},"end":{"line":148,"column":null}},"24":{"start":{"line":155,"column":2},"end":{"line":155,"column":null}},"25":{"start":{"line":161,"column":34},"end":{"line":161,"column":null}},"26":{"start":{"line":168,"column":2},"end":{"line":168,"column":null}},"27":{"start":{"line":174,"column":38},"end":{"line":174,"column":null}},"28":{"start":{"line":180,"column":33},"end":{"line":180,"column":null}},"29":{"start":{"line":186,"column":39},"end":{"line":186,"column":null}},"30":{"start":{"line":192,"column":36},"end":{"line":192,"column":null}},"31":{"start":{"line":202,"column":26},"end":{"line":202,"column":null}},"32":{"start":{"line":208,"column":39},"end":{"line":208,"column":null}},"33":{"start":{"line":214,"column":40},"end":{"line":214,"column":null}},"34":{"start":{"line":220,"column":42},"end":{"line":220,"column":null}},"35":{"start":{"line":226,"column":43},"end":{"line":226,"column":null}},"36":{"start":{"line":232,"column":45},"end":{"line":232,"column":null}},"37":{"start":{"line":238,"column":34},"end":{"line":238,"column":null}},"38":{"start":{"line":244,"column":35},"end":{"line":244,"column":null}},"39":{"start":{"line":250,"column":40},"end":{"line":250,"column":null}},"40":{"start":{"line":257,"column":2},"end":{"line":257,"column":null}},"41":{"start":{"line":264,"column":2},"end":{"line":264,"column":null}},"42":{"start":{"line":270,"column":39},"end":{"line":270,"column":null}},"43":{"start":{"line":276,"column":40},"end":{"line":276,"column":null}},"44":{"start":{"line":282,"column":44},"end":{"line":282,"column":null}},"45":{"start":{"line":289,"column":2},"end":{"line":289,"column":null}},"46":{"start":{"line":295,"column":37},"end":{"line":295,"column":null}},"47":{"start":{"line":301,"column":33},"end":{"line":301,"column":null}},"48":{"start":{"line":307,"column":43},"end":{"line":307,"column":null}},"49":{"start":{"line":313,"column":43},"end":{"line":313,"column":null}},"50":{"start":{"line":319,"column":42},"end":{"line":319,"column":null}},"51":{"start":{"line":325,"column":41},"end":{"line":325,"column":null}},"52":{"start":{"line":331,"column":36},"end":{"line":331,"column":null}},"53":{"start":{"line":338,"column":2},"end":{"line":338,"column":null}},"54":{"start":{"line":344,"column":44},"end":{"line":344,"column":null}},"55":{"start":{"line":350,"column":46},"end":{"line":350,"column":null}},"56":{"start":{"line":357,"column":33},"end":{"line":357,"column":null}},"57":{"start":{"line":363,"column":43},"end":{"line":363,"column":null}}},"fnMap":{},"branchMap":{},"s":{"0":1,"1":1,"2":1,"3":1,"4":1,"5":1,"6":1,"7":1,"8":1,"9":1,"10":1,"11":1,"12":1,"13":1,"14":1,"15":1,"16":1,"17":1,"18":1,"19":1,"20":1,"21":1,"22":1,"23":1,"24":1,"25":1,"26":1,"27":1,"28":1,"29":1,"30":1,"31":1,"32":1,"33":1,"34":1,"35":1,"36":1,"37":1,"38":1,"39":1,"40":1,"41":1,"42":1,"43":1,"44":1,"45":1,"46":1,"47":1,"48":1,"49":1,"50":1,"51":1,"52":1,"53":1,"54":1,"55":1,"56":1,"57":1},"f":{},"b":{}}
,"/Users/andres/dev/mtt-scaffolding/apps/api/src/shared/lib/configure-open-api.ts": {"path":"/Users/andres/dev/mtt-scaffolding/apps/api/src/shared/lib/configure-open-api.ts","statementMap":{"0":{"start":{"line":12,"column":2},"end":{"line":18,"column":null}},"1":{"start":{"line":20,"column":2},"end":{"line":30,"column":null}}},"fnMap":{"0":{"name":"configureOpenAPI","decl":{"start":{"line":11,"column":24},"end":{"line":11,"column":41}},"loc":{"start":{"line":11,"column":58},"end":{"line":31,"column":null}}}},"branchMap":{},"s":{"0":0,"1":0},"f":{"0":0},"b":{}}
,"/Users/andres/dev/mtt-scaffolding/apps/api/src/shared/lib/constants.ts": {"path":"/Users/andres/dev/mtt-scaffolding/apps/api/src/shared/lib/constants.ts","statementMap":{"0":{"start":{"line":1,"column":34},"end":{"line":5,"column":null}},"1":{"start":{"line":7,"column":31},"end":{"line":9,"column":null}}},"fnMap":{},"branchMap":{},"s":{"0":1,"1":1},"f":{},"b":{}}
,"/Users/andres/dev/mtt-scaffolding/apps/api/src/shared/lib/create-app.ts": {"path":"/Users/andres/dev/mtt-scaffolding/apps/api/src/shared/lib/create-app.ts","statementMap":{"0":{"start":{"line":19,"column":14},"end":{"line":19,"column":null}},"1":{"start":{"line":21,"column":2},"end":{"line":21,"column":null}},"2":{"start":{"line":22,"column":2},"end":{"line":22,"column":null}},"3":{"start":{"line":23,"column":2},"end":{"line":23,"column":null}},"4":{"start":{"line":25,"column":2},"end":{"line":32,"column":null}},"5":{"start":{"line":26,"column":4},"end":{"line":31,"column":null}},"6":{"start":{"line":34,"column":2},"end":{"line":34,"column":null}},"7":{"start":{"line":35,"column":2},"end":{"line":35,"column":null}},"8":{"start":{"line":37,"column":2},"end":{"line":37,"column":null}},"9":{"start":{"line":46,"column":2},"end":{"line":46,"column":null}}},"fnMap":{"0":{"name":"createApp","decl":{"start":{"line":18,"column":24},"end":{"line":18,"column":48}},"loc":{"start":{"line":18,"column":48},"end":{"line":38,"column":null}}},"1":{"name":"createTestApp","decl":{"start":{"line":45,"column":16},"end":{"line":45,"column":48}},"loc":{"start":{"line":45,"column":71},"end":{"line":47,"column":null}}}},"branchMap":{"0":{"loc":{"start":{"line":25,"column":2},"end":{"line":32,"column":null}},"type":"if","locations":[{"start":{"line":25,"column":2},"end":{"line":32,"column":null}},{"start":{},"end":{}}]}},"s":{"0":1,"1":1,"2":1,"3":1,"4":1,"5":0,"6":1,"7":1,"8":1,"9":1},"f":{"0":1,"1":1},"b":{"0":[0,1]}}
,"/Users/andres/dev/mtt-scaffolding/apps/api/src/shared/lib/create-router.ts": {"path":"/Users/andres/dev/mtt-scaffolding/apps/api/src/shared/lib/create-router.ts","statementMap":{"0":{"start":{"line":11,"column":2},"end":{"line":11,"column":null}}},"fnMap":{"0":{"name":"createRouter","decl":{"start":{"line":10,"column":24},"end":{"line":10,"column":51}},"loc":{"start":{"line":10,"column":51},"end":{"line":12,"column":null}}}},"branchMap":{},"s":{"0":2},"f":{"0":2},"b":{}}
,"/Users/andres/dev/mtt-scaffolding/apps/api/src/shared/middlewares/not-found.ts": {"path":"/Users/andres/dev/mtt-scaffolding/apps/api/src/shared/middlewares/not-found.ts","statementMap":{"0":{"start":{"line":12,"column":34},"end":{"line":19,"column":null}},"1":{"start":{"line":13,"column":2},"end":{"line":18,"column":null}}},"fnMap":{"0":{"name":"(anonymous_0)","decl":{"start":{"line":12,"column":34},"end":{"line":12,"column":35}},"loc":{"start":{"line":12,"column":41},"end":{"line":19,"column":null}}}},"branchMap":{},"s":{"0":1,"1":0},"f":{"0":0},"b":{}}
,"/Users/andres/dev/mtt-scaffolding/apps/api/src/shared/middlewares/on-error.ts": {"path":"/Users/andres/dev/mtt-scaffolding/apps/api/src/shared/middlewares/on-error.ts","statementMap":{"0":{"start":{"line":17,"column":30},"end":{"line":34,"column":null}},"1":{"start":{"line":19,"column":4},"end":{"line":19,"column":null}},"2":{"start":{"line":22,"column":4},"end":{"line":24,"column":null}},"3":{"start":{"line":26,"column":2},"end":{"line":33,"column":null}}},"fnMap":{"0":{"name":"(anonymous_0)","decl":{"start":{"line":17,"column":30},"end":{"line":17,"column":31}},"loc":{"start":{"line":17,"column":42},"end":{"line":34,"column":null}}}},"branchMap":{"0":{"loc":{"start":{"line":19,"column":4},"end":{"line":19,"column":null}},"type":"cond-expr","locations":[{"start":{"line":19,"column":22},"end":{"line":19,"column":35}},{"start":{"line":19,"column":35},"end":{"line":19,"column":null}}]},"1":{"loc":{"start":{"line":22,"column":4},"end":{"line":24,"column":null}},"type":"cond-expr","locations":[{"start":{"line":23,"column":9},"end":{"line":23,"column":null}},{"start":{"line":24,"column":8},"end":{"line":24,"column":null}}]},"2":{"loc":{"start":{"line":30,"column":13},"end":{"line":30,"column":null}},"type":"cond-expr","locations":[{"start":{"line":30,"column":45},"end":{"line":30,"column":57}},{"start":{"line":30,"column":57},"end":{"line":30,"column":null}}]}},"s":{"0":1,"1":0,"2":0,"3":0},"f":{"0":0},"b":{"0":[0,0],"1":[0,0],"2":[0,0]}}
,"/Users/andres/dev/mtt-scaffolding/apps/api/src/shared/middlewares/serve-emoji-favicon.ts": {"path":"/Users/andres/dev/mtt-scaffolding/apps/api/src/shared/middlewares/serve-emoji-favicon.ts","statementMap":{"0":{"start":{"line":9,"column":2},"end":{"line":17,"column":null}},"1":{"start":{"line":10,"column":4},"end":{"line":15,"column":null}},"2":{"start":{"line":11,"column":6},"end":{"line":11,"column":null}},"3":{"start":{"line":12,"column":6},"end":{"line":14,"column":null}},"4":{"start":{"line":16,"column":4},"end":{"line":16,"column":null}}},"fnMap":{"0":{"name":"serveEmojiFavicon","decl":{"start":{"line":8,"column":9},"end":{"line":8,"column":27}},"loc":{"start":{"line":8,"column":61},"end":{"line":18,"column":null}}},"1":{"name":"(anonymous_1)","decl":{"start":{"line":9,"column":9},"end":{"line":9,"column":16}},"loc":{"start":{"line":9,"column":28},"end":{"line":17,"column":null}}}},"branchMap":{"0":{"loc":{"start":{"line":10,"column":4},"end":{"line":15,"column":null}},"type":"if","locations":[{"start":{"line":10,"column":4},"end":{"line":15,"column":null}},{"start":{},"end":{}}]}},"s":{"0":1,"1":13,"2":0,"3":0,"4":13},"f":{"0":1,"1":13},"b":{"0":[0,13]}}
,"/Users/andres/dev/mtt-scaffolding/apps/api/src/shared/openapi/default-hook.ts": {"path":"/Users/andres/dev/mtt-scaffolding/apps/api/src/shared/openapi/default-hook.ts","statementMap":{"0":{"start":{"line":6,"column":46},"end":{"line":17,"column":null}},"1":{"start":{"line":7,"column":2},"end":{"line":15,"column":null}},"2":{"start":{"line":8,"column":4},"end":{"line":14,"column":null}},"3":{"start":{"line":16,"column":2},"end":{"line":16,"column":null}}},"fnMap":{"0":{"name":"(anonymous_0)","decl":{"start":{"line":6,"column":46},"end":{"line":6,"column":47}},"loc":{"start":{"line":6,"column":61},"end":{"line":17,"column":null}}}},"branchMap":{"0":{"loc":{"start":{"line":7,"column":2},"end":{"line":15,"column":null}},"type":"if","locations":[{"start":{"line":7,"column":2},"end":{"line":15,"column":null}},{"start":{},"end":{}}]}},"s":{"0":1,"1":15,"2":5,"3":10},"f":{"0":15},"b":{"0":[5,10]}}
,"/Users/andres/dev/mtt-scaffolding/apps/api/src/shared/openapi/helpers.ts": {"path":"/Users/andres/dev/mtt-scaffolding/apps/api/src/shared/openapi/helpers.ts","statementMap":{"0":{"start":{"line":17,"column":19},"end":{"line":17,"column":null}},"1":{"start":{"line":19,"column":2},"end":{"line":21,"column":null}},"2":{"start":{"line":20,"column":4},"end":{"line":20,"column":null}},"3":{"start":{"line":23,"column":20},"end":{"line":23,"column":null}},"4":{"start":{"line":24,"column":21},"end":{"line":24,"column":null}},"5":{"start":{"line":26,"column":2},"end":{"line":28,"column":null}},"6":{"start":{"line":41,"column":2},"end":{"line":48,"column":null}},"7":{"start":{"line":61,"column":2},"end":{"line":64,"column":null}},"8":{"start":{"line":77,"column":2},"end":{"line":86,"column":null}}},"fnMap":{"0":{"name":"oneOf","decl":{"start":{"line":14,"column":16},"end":{"line":14,"column":null}},"loc":{"start":{"line":16,"column":38},"end":{"line":29,"column":null}}},"1":{"name":"(anonymous_1)","decl":{"start":{"line":19,"column":18},"end":{"line":19,"column":19}},"loc":{"start":{"line":19,"column":37},"end":{"line":21,"column":3}}},"2":{"name":"jsonContent","decl":{"start":{"line":37,"column":16},"end":{"line":37,"column":null}},"loc":{"start":{"line":40,"column":2},"end":{"line":49,"column":null}}},"3":{"name":"jsonContentRequired","decl":{"start":{"line":57,"column":16},"end":{"line":57,"column":null}},"loc":{"start":{"line":60,"column":2},"end":{"line":65,"column":null}}},"4":{"name":"jsonContentOneOf","decl":{"start":{"line":73,"column":16},"end":{"line":73,"column":null}},"loc":{"start":{"line":76,"column":2},"end":{"line":87,"column":null}}}},"branchMap":{"0":{"loc":{"start":{"line":26,"column":9},"end":{"line":28,"column":null}},"type":"cond-expr","locations":[{"start":{"line":27,"column":6},"end":{"line":27,"column":null}},{"start":{"line":28,"column":6},"end":{"line":28,"column":null}}]}},"s":{"0":0,"1":0,"2":0,"3":0,"4":0,"5":0,"6":13,"7":2,"8":0},"f":{"0":0,"1":0,"2":13,"3":2,"4":0},"b":{"0":[0,0]}}
,"/Users/andres/dev/mtt-scaffolding/apps/api/src/shared/openapi/schemas.ts": {"path":"/Users/andres/dev/mtt-scaffolding/apps/api/src/shared/openapi/schemas.ts","statementMap":{"0":{"start":{"line":18,"column":20},"end":{"line":20,"column":null}},"1":{"start":{"line":21,"column":2},"end":{"line":39,"column":null}},"2":{"start":{"line":52,"column":2},"end":{"line":60,"column":null}},"3":{"start":{"line":76,"column":46},"end":{"line":82,"column":null}},"4":{"start":{"line":84,"column":2},"end":{"line":97,"column":null}},"5":{"start":{"line":104,"column":30},"end":{"line":114,"column":null}},"6":{"start":{"line":120,"column":34},"end":{"line":133,"column":null}},"7":{"start":{"line":136,"column":16},"end":{"line":136,"column":null}},"8":{"start":{"line":138,"column":2},"end":{"line":138,"column":null}},"9":{"start":{"line":145,"column":32},"end":{"line":158,"column":null}},"10":{"start":{"line":164,"column":30},"end":{"line":164,"column":null}}},"fnMap":{"0":{"name":"createErrorSchema","decl":{"start":{"line":17,"column":16},"end":{"line":17,"column":55}},"loc":{"start":{"line":17,"column":66},"end":{"line":40,"column":null}}},"1":{"name":"createMessageObjectSchema","decl":{"start":{"line":49,"column":16},"end":{"line":49,"column":null}},"loc":{"start":{"line":51,"column":2},"end":{"line":61,"column":null}}},"2":{"name":"getParamsSchema","decl":{"start":{"line":72,"column":16},"end":{"line":72,"column":32}},"loc":{"start":{"line":75,"column":17},"end":{"line":98,"column":null}}}},"branchMap":{"0":{"loc":{"start":{"line":19,"column":4},"end":{"line":19,"column":null}},"type":"cond-expr","locations":[{"start":{"line":19,"column":64},"end":{"line":19,"column":69}},{"start":{"line":19,"column":69},"end":{"line":19,"column":null}}]},"1":{"loc":{"start":{"line":50,"column":2},"end":{"line":50,"column":null}},"type":"default-arg","locations":[{"start":{"line":50,"column":27},"end":{"line":50,"column":null}}]},"2":{"loc":{"start":{"line":73,"column":2},"end":{"line":73,"column":null}},"type":"default-arg","locations":[{"start":{"line":73,"column":9},"end":{"line":73,"column":null}}]},"3":{"loc":{"start":{"line":74,"column":2},"end":{"line":74,"column":null}},"type":"default-arg","locations":[{"start":{"line":74,"column":14},"end":{"line":74,"column":null}}]}},"s":{"0":5,"1":5,"2":1,"3":0,"4":0,"5":1,"6":1,"7":1,"8":1,"9":1,"10":1},"f":{"0":5,"1":1,"2":0},"b":{"0":[0,5],"1":[0],"2":[0],"3":[0]}}
,"/Users/andres/dev/mtt-scaffolding/apps/api/src/test/utils.ts": {"path":"/Users/andres/dev/mtt-scaffolding/apps/api/src/test/utils.ts","statementMap":{"0":{"start":{"line":6,"column":20},"end":{"line":6,"column":null}},"1":{"start":{"line":11,"column":2},"end":{"line":13,"column":null}},"2":{"start":{"line":12,"column":4},"end":{"line":12,"column":null}},"3":{"start":{"line":14,"column":2},"end":{"line":14,"column":null}}},"fnMap":{"0":{"name":"getTypedClient","decl":{"start":{"line":8,"column":16},"end":{"line":8,"column":null}},"loc":{"start":{"line":10,"column":36},"end":{"line":15,"column":null}}}},"branchMap":{"0":{"loc":{"start":{"line":11,"column":2},"end":{"line":13,"column":null}},"type":"if","locations":[{"start":{"line":11,"column":2},"end":{"line":13,"column":null}},{"start":{},"end":{}}]}},"s":{"0":1,"1":1,"2":1,"3":1},"f":{"0":1},"b":{"0":[1,0]}}
}
